<?xml version="1.0" encoding="UTF-8"?>
<!-- Generated by org.testng.reporters.JUnitReportReporter -->
<testsuite hostname="Nupur-Lappy" failures="0" tests="1" name="learnautomation.testcases.LoginTestRahulShetty" time="6.654" errors="0" timestamp="2025-04-22T21:30:30 CEST" skipped="0">
  <testcase classname="learnautomation.testcases.LoginTestRahulShetty" name="loginApp" time="6.654"/>
  <system-out>
    <![CDATA[Setting up reports and Test is getting ready
Setting Done- Test can be started
Trying to start Browser and Getting Application ready
Browser and Application is up and running
Test is about to End
Test completed >> Reports Generated]]>
  </system-out>
</testsuite> <!-- learnautomation.testcases.LoginTestRahulShetty -->
